<?xml version="1.0" encoding="utf-8" standalone="no"?>
<!--This file represents the results of running a test suite-->
<test-results name="D:\Workspace\Academy\XAIL\tests\XAIL.Tests\bin\Debug\XAIL.Tests.dll" total="1" errors="0" failures="0" not-run="0" inconclusive="0" ignored="0" skipped="0" invalid="0" date="2011-05-21" time="10:59:08">
  <environment nunit-version="2.5.9.10348" clr-version="2.0.50727.4959" os-version="Microsoft Windows NT 6.1.7600.0" platform="Win32NT" cwd="C:\Program Files (x86)\NUnit 2.5.9\bin\net-2.0" machine-name="LENOVO-PC" user="lenovo" user-domain="lenovo-PC" />
  <culture-info current-culture="zh-CN" current-uiculture="zh-CN" />
  <test-suite type="Assembly" name="D:\Workspace\Academy\XAIL\tests\XAIL.Tests\bin\Debug\XAIL.Tests.dll" executed="True" result="Success" success="True" time="0.128" asserts="0">
    <results>
      <test-suite type="Namespace" name="Tests" executed="True" result="Success" success="True" time="0.109" asserts="0">
        <results>
          <test-suite type="Namespace" name="XAIL" executed="True" result="Success" success="True" time="0.108" asserts="0">
            <results>
              <test-suite type="Namespace" name="Data" executed="True" result="Success" success="True" time="0.100" asserts="0">
                <results>
                  <test-suite type="Namespace" name="NHibernateMaps" executed="True" result="Success" success="True" time="0.100" asserts="0">
                    <results>
                      <test-suite type="TestFixture" name="MappingIntegrationTests" executed="True" result="Success" success="True" time="0.099" asserts="0">
                        <categories>
                          <category name="DB Tests" />
                        </categories>
                        <results>
                          <test-case name="Tests.XAIL.Data.NHibernateMaps.MappingIntegrationTests.CanConfirmDatabaseMatchesMappings" executed="True" result="Success" success="True" time="0.098" asserts="0" />
                        </results>
                      </test-suite>
                    </results>
                  </test-suite>
                </results>
              </test-suite>
            </results>
          </test-suite>
        </results>
      </test-suite>
    </results>
  </test-suite>
</test-results>